2022-12-19 22:00:34 INFO  Computer :35 - Get PageTitle Text[[ChromeDriver: chrome on WINDOWS (9ffd97f07b76140c866212f191022f64)] -> css selector: div[class='page-title'] h1]
2022-12-19 22:13:20 INFO  Computer :37 - Clicking on Desktop : [[ChromeDriver: chrome on WINDOWS (5311123f623c23418be9bd92c9c1e352)] -> xpath: //h2[@class='title']//a]
2022-12-19 22:13:21 INFO  Computer :184 - click On Computer : [[ChromeDriver: chrome on WINDOWS (5311123f623c23418be9bd92c9c1e352)] -> xpath: //a[@href='/computers']]
2022-12-19 22:13:21 INFO  Computer :189 - Click On Desktop : [[ChromeDriver: chrome on WINDOWS (5311123f623c23418be9bd92c9c1e352)] -> xpath: //h2[@class='title']//a]
2022-12-19 22:13:21 INFO  Computer :193 - get Select By Value : 5[[ChromeDriver: chrome on WINDOWS (5311123f623c23418be9bd92c9c1e352)] -> xpath: //select[@name='products-orderby']]
2022-12-19 22:13:41 INFO  Computer :203 - click On Add To Cart : Proxy element for: DefaultElementLocator 'By.xpath: //button[@id='add-to-cart-button-1']'
2022-12-19 22:13:42 INFO  Computer :213 - get Verify Build Your Own : [[ChromeDriver: chrome on WINDOWS (5311123f623c23418be9bd92c9c1e352)] -> xpath: //h1[contains(text(),'Build your own computer')]]
2022-12-19 22:13:42 INFO  Computer :217 - select Processor By Value : [[ChromeDriver: chrome on WINDOWS (5311123f623c23418be9bd92c9c1e352)] -> xpath: //select[@id='product_attribute_1']]
2022-12-19 22:13:42 INFO  Computer :222 - select Ram By Value : [[ChromeDriver: chrome on WINDOWS (5311123f623c23418be9bd92c9c1e352)] -> xpath: //select[@id='product_attribute_2']]
2022-12-19 22:13:42 INFO  Computer :226 - click On HDD 400GB : [[ChromeDriver: chrome on WINDOWS (5311123f623c23418be9bd92c9c1e352)] -> xpath: //input[@id ='product_attribute_3_7']]
2022-12-19 22:13:42 INFO  Computer :231 - click On Os Vista Premium : [[ChromeDriver: chrome on WINDOWS (5311123f623c23418be9bd92c9c1e352)] -> xpath: //label[text()='Vista Premium [+$60.00]']]
2022-12-19 22:13:42 INFO  Computer :235 - click On Software Total Commander : [[ChromeDriver: chrome on WINDOWS (5311123f623c23418be9bd92c9c1e352)] -> xpath: //input[@id='product_attribute_5_12']]
2022-12-19 22:13:43 INFO  Computer :239 - verify Total Price : [[ChromeDriver: chrome on WINDOWS (5311123f623c23418be9bd92c9c1e352)] -> xpath: //span[@id='price-value-1']]
2022-12-19 22:13:43 INFO  Computer :244 - click On Add To Cart Button : [[ChromeDriver: chrome on WINDOWS (5311123f623c23418be9bd92c9c1e352)] -> xpath: //button[@id='add-to-cart-button-1']]
2022-12-19 22:13:43 INFO  Computer :249 - verify Cart Message : [[ChromeDriver: chrome on WINDOWS (5311123f623c23418be9bd92c9c1e352)] -> xpath: //body/div[@id='bar-notification']/div[1]/p[1]]
2022-12-19 22:13:43 INFO  Computer :253 - close Message Bar : [[ChromeDriver: chrome on WINDOWS (5311123f623c23418be9bd92c9c1e352)] -> xpath: //body/div[@id='bar-notification']/div[1]/span[1]]
2022-12-19 22:13:48 INFO  Computer :262 - Mouse Hover On Element Shopping Cart : [[ChromeDriver: chrome on WINDOWS (5311123f623c23418be9bd92c9c1e352)] -> xpath: //span[contains(text(),'Shopping cart')]]
2022-12-19 22:13:48 INFO  Computer :266 - click On Go To Cart : [[ChromeDriver: chrome on WINDOWS (5311123f623c23418be9bd92c9c1e352)] -> xpath: //button[contains(text(),'Go to cart')]]
2022-12-19 22:13:50 INFO  Computer :277 - send Text To Quantity Field : [[ChromeDriver: chrome on WINDOWS (5311123f623c23418be9bd92c9c1e352)] -> xpath: //input[@value='1']]
2022-12-19 22:13:50 INFO  Computer :282 - click On Update Shopping Cart Button : [[ChromeDriver: chrome on WINDOWS (5311123f623c23418be9bd92c9c1e352)] -> xpath: //button[@id='updatecart']]
2022-12-19 22:13:50 INFO  Computer :286 - verify Total1 : [[ChromeDriver: chrome on WINDOWS (5311123f623c23418be9bd92c9c1e352)] -> xpath: //tbody/tr[1]/td[6]/span[1]]
2022-12-19 22:13:50 INFO  Computer :290 - click On Check Box I Agree With Terms And Condition : [[ChromeDriver: chrome on WINDOWS (5311123f623c23418be9bd92c9c1e352)] -> xpath: //input[@id='termsofservice']]
2022-12-19 22:13:50 INFO  Computer :294 - click On Check Out Button : [[ChromeDriver: chrome on WINDOWS (5311123f623c23418be9bd92c9c1e352)] -> xpath: //button[@id='checkout']]
2022-12-19 22:13:51 INFO  Computer :298 - verify Welcome Text : [[ChromeDriver: chrome on WINDOWS (5311123f623c23418be9bd92c9c1e352)] -> xpath: //h1[contains(text(),'Welcome, Please Sign In!')]]
2022-12-19 22:13:51 INFO  Computer :303 - click On Check Out As Guest : [[ChromeDriver: chrome on WINDOWS (5311123f623c23418be9bd92c9c1e352)] -> xpath: //button[contains(text(),'Checkout as Guest')]]
2022-12-19 22:13:51 INFO  Computer :307 - send Text To First Name Field : Manan[[ChromeDriver: chrome on WINDOWS (5311123f623c23418be9bd92c9c1e352)] -> id: BillingNewAddress_FirstName]
2022-12-19 22:13:51 INFO  Computer :311 - send Text To Last Name Field : Shah[[ChromeDriver: chrome on WINDOWS (5311123f623c23418be9bd92c9c1e352)] -> id: BillingNewAddress_LastName]
2022-12-19 22:13:51 INFO  Computer :315 - send Text To Email Field : 123test@gmail.com[[ChromeDriver: chrome on WINDOWS (5311123f623c23418be9bd92c9c1e352)] -> id: BillingNewAddress_Email]
2022-12-19 22:13:51 INFO  Computer :319 - send Text To Company Field : Testing[[ChromeDriver: chrome on WINDOWS (5311123f623c23418be9bd92c9c1e352)] -> id: BillingNewAddress_Company]
2022-12-19 22:13:52 INFO  Computer :326 - send Text To City Field : [[ChromeDriver: chrome on WINDOWS (5311123f623c23418be9bd92c9c1e352)] -> xpath: //input[@id='BillingNewAddress_City']]
2022-12-19 22:13:52 INFO  Computer :330 - send Text To Address Line1 : [[ChromeDriver: chrome on WINDOWS (5311123f623c23418be9bd92c9c1e352)] -> css selector: #BillingNewAddress_Address1]
2022-12-19 22:13:52 INFO  Computer :330 - send Text To Address Line1 : [[ChromeDriver: chrome on WINDOWS (5311123f623c23418be9bd92c9c1e352)] -> css selector: #BillingNewAddress_Address1]
2022-12-19 22:13:52 INFO  Computer :338 - send Text To Postcode : [[ChromeDriver: chrome on WINDOWS (5311123f623c23418be9bd92c9c1e352)] -> xpath: //input[@id='BillingNewAddress_ZipPostalCode']]
2022-12-19 22:13:52 INFO  Computer :342 - send Text To Phone Number Field : [[ChromeDriver: chrome on WINDOWS (5311123f623c23418be9bd92c9c1e352)] -> xpath: //input[@id='BillingNewAddress_PhoneNumber']]
2022-12-19 22:13:52 INFO  Computer :346 - click On Continue Button : [[ChromeDriver: chrome on WINDOWS (5311123f623c23418be9bd92c9c1e352)] -> xpath: //body/div[6]/div[3]/div[1]/div[1]/div[1]/div[2]/ol[1]/li[1]/div[2]/div[1]/button[4]]
2022-12-19 22:13:52 INFO  Computer :350 - click On Next Day Air Button : [[ChromeDriver: chrome on WINDOWS (5311123f623c23418be9bd92c9c1e352)] -> xpath: //input[@id='shippingoption_1']]
2022-12-19 22:13:52 INFO  Computer :354 - click On Continue Button Again : [[ChromeDriver: chrome on WINDOWS (5311123f623c23418be9bd92c9c1e352)] -> xpath: //body/div[6]/div[3]/div[1]/div[1]/div[1]/div[2]/ol[1]/li[3]/div[2]/form[1]/div[2]/button[1]]
2022-12-19 22:13:52 INFO  Computer :358 - click On Credit Card Button : [[ChromeDriver: chrome on WINDOWS (5311123f623c23418be9bd92c9c1e352)] -> xpath: //input[@id='paymentmethod_1']]
2022-12-19 22:13:52 INFO  Computer :362 - select Click On Continue1 : [[ChromeDriver: chrome on WINDOWS (5311123f623c23418be9bd92c9c1e352)] -> xpath: //button[@class='button-1 payment-method-next-step-button']]
2022-12-19 22:13:53 INFO  Computer :366 - Select Master Card : [[ChromeDriver: chrome on WINDOWS (5311123f623c23418be9bd92c9c1e352)] -> xpath: //select[@id='CreditCardType']]
2022-12-19 22:13:53 INFO  Computer :370 - send Text TO Card Holder Name : [[ChromeDriver: chrome on WINDOWS (5311123f623c23418be9bd92c9c1e352)] -> id: CardholderName]
2022-12-19 22:13:53 INFO  Computer :374 - send Text TO CardNumber : 1111222233334444[[ChromeDriver: chrome on WINDOWS (5311123f623c23418be9bd92c9c1e352)] -> id: CardNumber]
2022-12-19 22:13:53 INFO  Computer :383 - send Text To Card Code : 453[[ChromeDriver: chrome on WINDOWS (5311123f623c23418be9bd92c9c1e352)] -> id: CardCode]
2022-12-19 22:13:53 INFO  Computer :387 - click On Continue Button2 : [[ChromeDriver: chrome on WINDOWS (5311123f623c23418be9bd92c9c1e352)] -> xpath: //button[@class='button-1 payment-info-next-step-button']]
2022-12-19 22:13:53 INFO  Computer :391 - get Verify Text3 : [[ChromeDriver: chrome on WINDOWS (5311123f623c23418be9bd92c9c1e352)] -> xpath: //tr[@class='order-total']/td[2]/span/strong]
2022-12-19 22:13:53 INFO  Computer :395 - click On Confirm Button : [[ChromeDriver: chrome on WINDOWS (5311123f623c23418be9bd92c9c1e352)] -> xpath: //button[@class='button-1 confirm-order-next-step-button']]
2022-12-19 22:13:53 INFO  Computer :391 - get Verify Text3 : [[ChromeDriver: chrome on WINDOWS (5311123f623c23418be9bd92c9c1e352)] -> xpath: //tr[@class='order-total']/td[2]/span/strong]
2022-12-19 22:13:53 INFO  Computer :391 - get Verify Text3 : [[ChromeDriver: chrome on WINDOWS (5311123f623c23418be9bd92c9c1e352)] -> xpath: //tr[@class='order-total']/td[2]/span/strong]
2022-12-19 22:13:57 INFO  Computer :37 - Clicking on Desktop : [[ChromeDriver: chrome on WINDOWS (9c35c938ef5cf3524754962bf1ae0be3)] -> xpath: //h2[@class='title']//a]
2022-12-19 22:13:57 INFO  Computer :226 - mouseHoverOnCellPhonesAndClick[[ChromeDriver: chrome on WINDOWS (9c35c938ef5cf3524754962bf1ae0be3)] -> xpath: //body/div[6]/div[2]/ul[1]/li[2]/ul[1]/li[2]/a[1]]
2022-12-19 22:14:01 INFO  Computer :37 - Clicking on Desktop : [[ChromeDriver: chrome on WINDOWS (b2eabc0082d8ae8ecc0eb3e2eba48555)] -> xpath: //h2[@class='title']//a]
2022-12-19 22:14:01 INFO  Computer :52 - click On MenuTab [[ChromeDriver: chrome on WINDOWS (b2eabc0082d8ae8ecc0eb3e2eba48555)] -> xpath: //div[@class='header-menu']/child::ul[1]/li/a]
2022-12-19 22:14:01 INFO  Computer :35 - Get PageTitle Text[[ChromeDriver: chrome on WINDOWS (b2eabc0082d8ae8ecc0eb3e2eba48555)] -> css selector: div[class='page-title'] h1]
2022-12-19 22:17:22 INFO  Computer :37 - Clicking on Desktop : [[ChromeDriver: chrome on WINDOWS (845638a5a43a1af0502bf68ea5de1398)] -> xpath: //h2[@class='title']//a]
2022-12-19 22:17:22 INFO  Computer :226 - mouseHoverOnCellPhonesAndClick[[ChromeDriver: chrome on WINDOWS (845638a5a43a1af0502bf68ea5de1398)] -> xpath: //body/div[6]/div[2]/ul[1]/li[2]/ul[1]/li[2]/a[1]]
2022-12-19 22:17:22 INFO  Computer :230 - verifyTextCellPhones[[ChromeDriver: chrome on WINDOWS (845638a5a43a1af0502bf68ea5de1398)] -> xpath: //h1[contains(text(),'Cell phones')]]
2022-12-19 22:17:22 INFO  Computer :234 - mouseHoverOnElectronics[[ChromeDriver: chrome on WINDOWS (845638a5a43a1af0502bf68ea5de1398)] -> xpath: //body/div[6]/div[2]/ul[1]/li[2]/a[1]]
2022-12-19 22:17:22 INFO  Computer :238 - mouseHoverOnCellPhones1[[ChromeDriver: chrome on WINDOWS (845638a5a43a1af0502bf68ea5de1398)] -> xpath: //body/div[6]/div[2]/ul[1]/li[2]/ul[1]/li[2]/a[1]]
2022-12-19 22:17:23 INFO  Computer :246 - clickOnListViewTab[[ChromeDriver: chrome on WINDOWS (845638a5a43a1af0502bf68ea5de1398)] -> xpath: //a[contains(text(),'List')]]
2022-12-19 22:17:28 INFO  Computer :250 - clickOnProductNameNokia[[ChromeDriver: chrome on WINDOWS (845638a5a43a1af0502bf68ea5de1398)] -> xpath: //div[3]/div[1]/div[2]/h2[1]/a]
2022-12-19 22:17:29 INFO  Computer :254 - verifyTextNokiaLumia[[ChromeDriver: chrome on WINDOWS (845638a5a43a1af0502bf68ea5de1398)] -> xpath: //button[@class ='button-2 product-box-add-to-cart-button']]
2022-12-19 22:17:29 INFO  Computer :258 - verifyNokiaPrice[[ChromeDriver: chrome on WINDOWS (845638a5a43a1af0502bf68ea5de1398)] -> xpath: //span[@id='price-value-20']]
